Right Team
CYRUS2018
True Pass:136
Intercept:32
on_target_shoot:6
off_target_shoot:0
Game result :Loser
Goals :3
True Pass:136
Wrong Pass:29
Pass in Lenght:81
Pass in Width:55
Pass Accuracy:82.4
on_target_shoot:6
off_target_shoot:0
Shoot in Lenght:3
Shoot in Width:3
Shoot Accuracy:100.0
Possession:41.9
Stamina Usage:[(83038.35, 1), (121190.44, 2), (129079.54, 3), (123465.43, 4), (70391.68, 5), (138600, 6), (137710.46, 7), (138600, 8), (123953.29, 9), (136560.89, 10), (135124.6, 11)]
moved Distance:[(978.18, 1), (1928.21, 2), (1902.62, 3), (1812.62, 4), (1939.89, 5), (1944.96, 6), (1904.04, 7), (2069.69, 8), (1957.22, 9), (2063.32, 10), (2054.87, 11)]
Average Distance 10 Player: 1957.7
Average Stamina 10 Player: 125467.6
Average Stamina Per distance 10 Player: 64.1
Stamina per Distance:[(84.9, 1), (62.9, 2), (67.8, 3), (68.1, 4), (36.3, 5), (71.3, 6), (72.3, 7), (67.0, 8), (63.3, 9), (66.2, 10), (65.8, 11)]



Left Team
Namira
True Pass:159
Intercept:29
on_target_shoot:4
off_target_shoot:0
Game result :Winner
Goals :4
Wrong Pass:32
Pass in Lenght:104
Pass in Width:55
Pass Accuracy:83.2
on_target_shoot:4
off_target_shoot:0
Shoot in Lenght:2
Shoot in Width:2
Shoot Accuracy:100.0
Possession:58.1
Stamina Usage:[(92403.3, 1), (132576.97, 2), (136940.84, 3), (136703.63, 4), (7928, 5), (15993.73, 6), (136893.03, 7), (16040, 8), (115626.93, 9), (129288.86, 10), (131179.79, 11)]
moved Distance:[(1241.37, 1), (1717.38, 2), (1857.04, 3), (1743.12, 4), (2133.48, 5), (2069.09, 6), (2023.43, 7), (2109.96, 8), (1911.31, 9), (1963.95, 10), (1903.94, 11)]
Average Distance 10 Player: 1943.3
Average Stamina 10 Player: 95917.2
Average Stamina Per distance 10 Player: 49.4
Stamina per Distance:[(74.4, 1), (77.2, 2), (73.7, 3), (78.4, 4), (3.7, 5), (7.7, 6), (67.7, 7), (7.6, 8), (60.5, 9), (65.8, 10), (68.9, 11)]
Ball in Region Percentage A 4.1
Ball in Region Percentage B 5.8
Ball in Region Percentage C 13.5
Ball in Region Percentage D 13.5
Ball in Region Percentage E 21.7
Ball in Region Percentage F 14.2
Ball in Region Percentage G 11.6
Ball in Region Percentage H 7.1
Ball in Region Percentage I 8.3

Right Team Regions Data
A Agent number 1 owner_cycles: 0  position_cycles: 0
B Agent number 1 owner_cycles: 0  position_cycles: 0
C Agent number 1 owner_cycles: 0  position_cycles: 0
D Agent number 1 owner_cycles: 0  position_cycles: 0
E Agent number 1 owner_cycles: 0  position_cycles: 0
F Agent number 1 owner_cycles: 0  position_cycles: 0
G Agent number 1 owner_cycles: 0  position_cycles: 5
H Agent number 1 owner_cycles: 15  position_cycles: 4346
I Agent number 1 owner_cycles: 10  position_cycles: 21
A Agent number 2 owner_cycles: 0  position_cycles: 0
B Agent number 2 owner_cycles: 0  position_cycles: 0
C Agent number 2 owner_cycles: 0  position_cycles: 0
D Agent number 2 owner_cycles: 6  position_cycles: 156
E Agent number 2 owner_cycles: 20  position_cycles: 2301
F Agent number 2 owner_cycles: 0  position_cycles: 48
G Agent number 2 owner_cycles: 0  position_cycles: 360
H Agent number 2 owner_cycles: 41  position_cycles: 1391
I Agent number 2 owner_cycles: 0  position_cycles: 116
A Agent number 3 owner_cycles: 0  position_cycles: 0
B Agent number 3 owner_cycles: 0  position_cycles: 0
C Agent number 3 owner_cycles: 0  position_cycles: 0
D Agent number 3 owner_cycles: 0  position_cycles: 0
E Agent number 3 owner_cycles: 0  position_cycles: 1
F Agent number 3 owner_cycles: 12  position_cycles: 2553
G Agent number 3 owner_cycles: 0  position_cycles: 0
H Agent number 3 owner_cycles: 9  position_cycles: 791
I Agent number 3 owner_cycles: 50  position_cycles: 1026
A Agent number 4 owner_cycles: 0  position_cycles: 0
B Agent number 4 owner_cycles: 0  position_cycles: 0
C Agent number 4 owner_cycles: 0  position_cycles: 0
D Agent number 4 owner_cycles: 21  position_cycles: 2331
E Agent number 4 owner_cycles: 0  position_cycles: 224
F Agent number 4 owner_cycles: 0  position_cycles: 0
G Agent number 4 owner_cycles: 20  position_cycles: 1032
H Agent number 4 owner_cycles: 0  position_cycles: 759
I Agent number 4 owner_cycles: 0  position_cycles: 26
A Agent number 5 owner_cycles: 0  position_cycles: 0
B Agent number 5 owner_cycles: 15  position_cycles: 148
C Agent number 5 owner_cycles: 19  position_cycles: 327
D Agent number 5 owner_cycles: 0  position_cycles: 0
E Agent number 5 owner_cycles: 122  position_cycles: 1729
F Agent number 5 owner_cycles: 12  position_cycles: 694
G Agent number 5 owner_cycles: 0  position_cycles: 56
H Agent number 5 owner_cycles: 31  position_cycles: 994
I Agent number 5 owner_cycles: 35  position_cycles: 424
A Agent number 6 owner_cycles: 0  position_cycles: 0
B Agent number 6 owner_cycles: 5  position_cycles: 528
C Agent number 6 owner_cycles: 6  position_cycles: 24
D Agent number 6 owner_cycles: 11  position_cycles: 327
E Agent number 6 owner_cycles: 148  position_cycles: 2198
F Agent number 6 owner_cycles: 2  position_cycles: 187
G Agent number 6 owner_cycles: 4  position_cycles: 487
H Agent number 6 owner_cycles: 8  position_cycles: 422
I Agent number 6 owner_cycles: 17  position_cycles: 199
A Agent number 7 owner_cycles: 0  position_cycles: 0
B Agent number 7 owner_cycles: 0  position_cycles: 10
C Agent number 7 owner_cycles: 27  position_cycles: 639
D Agent number 7 owner_cycles: 0  position_cycles: 0
E Agent number 7 owner_cycles: 10  position_cycles: 480
F Agent number 7 owner_cycles: 38  position_cycles: 2146
G Agent number 7 owner_cycles: 0  position_cycles: 0
H Agent number 7 owner_cycles: 10  position_cycles: 567
I Agent number 7 owner_cycles: 61  position_cycles: 530
A Agent number 8 owner_cycles: 12  position_cycles: 117
B Agent number 8 owner_cycles: 20  position_cycles: 544
C Agent number 8 owner_cycles: 0  position_cycles: 0
D Agent number 8 owner_cycles: 43  position_cycles: 1822
E Agent number 8 owner_cycles: 36  position_cycles: 810
F Agent number 8 owner_cycles: 0  position_cycles: 0
G Agent number 8 owner_cycles: 25  position_cycles: 734
H Agent number 8 owner_cycles: 25  position_cycles: 345
I Agent number 8 owner_cycles: 0  position_cycles: 0
A Agent number 9 owner_cycles: 0  position_cycles: 0
B Agent number 9 owner_cycles: 15  position_cycles: 55
C Agent number 9 owner_cycles: 291  position_cycles: 957
D Agent number 9 owner_cycles: 0  position_cycles: 0
E Agent number 9 owner_cycles: 57  position_cycles: 560
F Agent number 9 owner_cycles: 86  position_cycles: 2581
G Agent number 9 owner_cycles: 0  position_cycles: 0
H Agent number 9 owner_cycles: 0  position_cycles: 0
I Agent number 9 owner_cycles: 1  position_cycles: 219
A Agent number 10 owner_cycles: 39  position_cycles: 235
B Agent number 10 owner_cycles: 40  position_cycles: 872
C Agent number 10 owner_cycles: 20  position_cycles: 47
D Agent number 10 owner_cycles: 8  position_cycles: 742
E Agent number 10 owner_cycles: 140  position_cycles: 1916
F Agent number 10 owner_cycles: 10  position_cycles: 45
G Agent number 10 owner_cycles: 0  position_cycles: 309
H Agent number 10 owner_cycles: 6  position_cycles: 206
I Agent number 10 owner_cycles: 0  position_cycles: 0
A Agent number 11 owner_cycles: 0  position_cycles: 0
B Agent number 11 owner_cycles: 10  position_cycles: 555
C Agent number 11 owner_cycles: 77  position_cycles: 484
D Agent number 11 owner_cycles: 0  position_cycles: 72
E Agent number 11 owner_cycles: 0  position_cycles: 1478
F Agent number 11 owner_cycles: 70  position_cycles: 1250
G Agent number 11 owner_cycles: 0  position_cycles: 0
H Agent number 11 owner_cycles: 14  position_cycles: 423
I Agent number 11 owner_cycles: 0  position_cycles: 110

Left Team Regions Data
A Agent number 1 owner_cycles: 116  position_cycles: 131
B Agent number 1 owner_cycles: 10  position_cycles: 4241
C Agent number 1 owner_cycles: 0  position_cycles: 0
D Agent number 1 owner_cycles: 0  position_cycles: 0
E Agent number 1 owner_cycles: 0  position_cycles: 0
F Agent number 1 owner_cycles: 0  position_cycles: 0
G Agent number 1 owner_cycles: 0  position_cycles: 0
H Agent number 1 owner_cycles: 0  position_cycles: 0
I Agent number 1 owner_cycles: 0  position_cycles: 0
A Agent number 2 owner_cycles: 0  position_cycles: 45
B Agent number 2 owner_cycles: 30  position_cycles: 1294
C Agent number 2 owner_cycles: 23  position_cycles: 105
D Agent number 2 owner_cycles: 4  position_cycles: 204
E Agent number 2 owner_cycles: 56  position_cycles: 2603
F Agent number 2 owner_cycles: 4  position_cycles: 121
G Agent number 2 owner_cycles: 0  position_cycles: 0
H Agent number 2 owner_cycles: 0  position_cycles: 0
I Agent number 2 owner_cycles: 0  position_cycles: 0
A Agent number 3 owner_cycles: 6  position_cycles: 495
B Agent number 3 owner_cycles: 9  position_cycles: 932
C Agent number 3 owner_cycles: 0  position_cycles: 0
D Agent number 3 owner_cycles: 21  position_cycles: 2160
E Agent number 3 owner_cycles: 16  position_cycles: 785
F Agent number 3 owner_cycles: 0  position_cycles: 0
G Agent number 3 owner_cycles: 0  position_cycles: 0
H Agent number 3 owner_cycles: 0  position_cycles: 0
I Agent number 3 owner_cycles: 0  position_cycles: 0
A Agent number 4 owner_cycles: 0  position_cycles: 0
B Agent number 4 owner_cycles: 13  position_cycles: 583
C Agent number 4 owner_cycles: 22  position_cycles: 757
D Agent number 4 owner_cycles: 0  position_cycles: 0
E Agent number 4 owner_cycles: 0  position_cycles: 935
F Agent number 4 owner_cycles: 68  position_cycles: 2094
G Agent number 4 owner_cycles: 0  position_cycles: 0
H Agent number 4 owner_cycles: 0  position_cycles: 0
I Agent number 4 owner_cycles: 0  position_cycles: 0
A Agent number 5 owner_cycles: 1  position_cycles: 169
B Agent number 5 owner_cycles: 57  position_cycles: 769
C Agent number 5 owner_cycles: 0  position_cycles: 70
D Agent number 5 owner_cycles: 104  position_cycles: 726
E Agent number 5 owner_cycles: 246  position_cycles: 1993
F Agent number 5 owner_cycles: 0  position_cycles: 17
G Agent number 5 owner_cycles: 10  position_cycles: 271
H Agent number 5 owner_cycles: 16  position_cycles: 349
I Agent number 5 owner_cycles: 0  position_cycles: 8
A Agent number 6 owner_cycles: 0  position_cycles: 0
B Agent number 6 owner_cycles: 11  position_cycles: 413
C Agent number 6 owner_cycles: 20  position_cycles: 556
D Agent number 6 owner_cycles: 0  position_cycles: 0
E Agent number 6 owner_cycles: 132  position_cycles: 1906
F Agent number 6 owner_cycles: 108  position_cycles: 885
G Agent number 6 owner_cycles: 19  position_cycles: 55
H Agent number 6 owner_cycles: 39  position_cycles: 405
I Agent number 6 owner_cycles: 6  position_cycles: 151
A Agent number 7 owner_cycles: 0  position_cycles: 246
B Agent number 7 owner_cycles: 22  position_cycles: 634
C Agent number 7 owner_cycles: 0  position_cycles: 0
D Agent number 7 owner_cycles: 266  position_cycles: 2259
E Agent number 7 owner_cycles: 0  position_cycles: 568
F Agent number 7 owner_cycles: 0  position_cycles: 0
G Agent number 7 owner_cycles: 57  position_cycles: 522
H Agent number 7 owner_cycles: 0  position_cycles: 143
I Agent number 7 owner_cycles: 0  position_cycles: 0
A Agent number 8 owner_cycles: 0  position_cycles: 0
B Agent number 8 owner_cycles: 0  position_cycles: 55
C Agent number 8 owner_cycles: 11  position_cycles: 862
D Agent number 8 owner_cycles: 0  position_cycles: 0
E Agent number 8 owner_cycles: 0  position_cycles: 365
F Agent number 8 owner_cycles: 137  position_cycles: 2370
G Agent number 8 owner_cycles: 0  position_cycles: 0
H Agent number 8 owner_cycles: 27  position_cycles: 473
I Agent number 8 owner_cycles: 70  position_cycles: 247
A Agent number 9 owner_cycles: 0  position_cycles: 30
B Agent number 9 owner_cycles: 0  position_cycles: 0
C Agent number 9 owner_cycles: 0  position_cycles: 0
D Agent number 9 owner_cycles: 86  position_cycles: 2580
E Agent number 9 owner_cycles: 0  position_cycles: 85
F Agent number 9 owner_cycles: 0  position_cycles: 0
G Agent number 9 owner_cycles: 351  position_cycles: 1032
H Agent number 9 owner_cycles: 14  position_cycles: 645
I Agent number 9 owner_cycles: 0  position_cycles: 0
A Agent number 10 owner_cycles: 0  position_cycles: 0
B Agent number 10 owner_cycles: 0  position_cycles: 0
C Agent number 10 owner_cycles: 0  position_cycles: 326
D Agent number 10 owner_cycles: 0  position_cycles: 0
E Agent number 10 owner_cycles: 0  position_cycles: 36
F Agent number 10 owner_cycles: 65  position_cycles: 2547
G Agent number 10 owner_cycles: 0  position_cycles: 7
H Agent number 10 owner_cycles: 19  position_cycles: 720
I Agent number 10 owner_cycles: 109  position_cycles: 736
A Agent number 11 owner_cycles: 0  position_cycles: 0
B Agent number 11 owner_cycles: 10  position_cycles: 248
C Agent number 11 owner_cycles: 0  position_cycles: 0
D Agent number 11 owner_cycles: 12  position_cycles: 145
E Agent number 11 owner_cycles: 78  position_cycles: 2281
F Agent number 11 owner_cycles: 13  position_cycles: 168
G Agent number 11 owner_cycles: 22  position_cycles: 315
H Agent number 11 owner_cycles: 2  position_cycles: 947
I Agent number 11 owner_cycles: 0  position_cycles: 268
